<?xml version="1.0" encoding="UTF-8"?>
<testng-results skipped="0" failed="0" total="3" passed="3">
  <reporter-output>
  </reporter-output>
  <suite name="Default suite" duration-ms="693" started-at="2018-06-26T16:43:04Z" finished-at="2018-06-26T16:43:05Z">
    <groups>
    </groups>
    <test name="Default test" duration-ms="693" started-at="2018-06-26T16:43:04Z" finished-at="2018-06-26T16:43:05Z">
      <class name="com.test.email.SpringMailIntegrationTest">
        <test-method status="PASS" signature="springTestContextBeforeTestClass()[pri:0, instance:com.test.email.SpringMailIntegrationTest@3bd40a57]" name="springTestContextBeforeTestClass" is-config="true" duration-ms="7" started-at="2018-06-26T16:43:04Z" finished-at="2018-06-26T16:43:04Z">
        </test-method> <!-- springTestContextBeforeTestClass -->
        <test-method status="PASS" signature="springTestContextPrepareTestInstance()[pri:0, instance:com.test.email.SpringMailIntegrationTest@3bd40a57]" name="springTestContextPrepareTestInstance" is-config="true" duration-ms="609" started-at="2018-06-26T16:43:04Z" depends-on-methods="org.springframework.test.context.testng.AbstractTestNGSpringContextTests.springTestContextBeforeTestClass" finished-at="2018-06-26T16:43:04Z">
        </test-method> <!-- springTestContextPrepareTestInstance -->
        <test-method status="PASS" signature="beforeClass()[pri:0, instance:com.test.email.SpringMailIntegrationTest@3bd40a57]" name="beforeClass" is-config="true" duration-ms="9" started-at="2018-06-26T16:43:04Z" finished-at="2018-06-26T16:43:04Z">
        </test-method> <!-- beforeClass -->
        <test-method status="PASS" signature="shouldSendSingleMail()[pri:0, instance:com.test.email.SpringMailIntegrationTest@3bd40a57]" name="shouldSendSingleMail" duration-ms="56" started-at="2018-06-26T16:43:04Z" finished-at="2018-06-26T16:43:05Z">
        </test-method> <!-- shouldSendSingleMail -->
        <test-method status="PASS" signature="springTestContextBeforeTestMethod(java.lang.reflect.Method)[pri:0, instance:com.test.email.SpringMailIntegrationTest@3bd40a57]" name="springTestContextBeforeTestMethod" is-config="true" duration-ms="0" started-at="2018-06-26T16:43:04Z" finished-at="2018-06-26T16:43:04Z">
          <params>
            <param index="0">
              <value>
                <![CDATA[public void com.test.email.SpringMailIntegrationTest.shouldSendSingleMail() throws javax.mail.MessagingException,java.io.IOException]]>
              </value>
            </param>
          </params>
        </test-method> <!-- springTestContextBeforeTestMethod -->
        <test-method status="PASS" signature="test2()[pri:0, instance:com.test.email.SpringMailIntegrationTest@3bd40a57]" name="test2" duration-ms="1" started-at="2018-06-26T16:43:05Z" finished-at="2018-06-26T16:43:05Z">
        </test-method> <!-- test2 -->
        <test-method status="PASS" signature="springTestContextBeforeTestMethod(java.lang.reflect.Method)[pri:0, instance:com.test.email.SpringMailIntegrationTest@3bd40a57]" name="springTestContextBeforeTestMethod" is-config="true" duration-ms="0" started-at="2018-06-26T16:43:05Z" finished-at="2018-06-26T16:43:05Z">
          <params>
            <param index="0">
              <value>
                <![CDATA[public void com.test.email.SpringMailIntegrationTest.test2() throws java.lang.Exception]]>
              </value>
            </param>
          </params>
        </test-method> <!-- springTestContextBeforeTestMethod -->
        <test-method status="PASS" signature="springTestContextAfterTestMethod(java.lang.reflect.Method)[pri:0, instance:com.test.email.SpringMailIntegrationTest@3bd40a57]" name="springTestContextAfterTestMethod" is-config="true" duration-ms="0" started-at="2018-06-26T16:43:05Z" finished-at="2018-06-26T16:43:05Z">
          <params>
            <param index="0">
              <value>
                <![CDATA[public void com.test.email.SpringMailIntegrationTest.shouldSendSingleMail() throws javax.mail.MessagingException,java.io.IOException]]>
              </value>
            </param>
          </params>
        </test-method> <!-- springTestContextAfterTestMethod -->
        <test-method status="PASS" signature="test3()[pri:0, instance:com.test.email.SpringMailIntegrationTest@3bd40a57]" name="test3" duration-ms="1" started-at="2018-06-26T16:43:05Z" finished-at="2018-06-26T16:43:05Z">
        </test-method> <!-- test3 -->
        <test-method status="PASS" signature="springTestContextAfterTestMethod(java.lang.reflect.Method)[pri:0, instance:com.test.email.SpringMailIntegrationTest@3bd40a57]" name="springTestContextAfterTestMethod" is-config="true" duration-ms="0" started-at="2018-06-26T16:43:05Z" finished-at="2018-06-26T16:43:05Z">
          <params>
            <param index="0">
              <value>
                <![CDATA[public void com.test.email.SpringMailIntegrationTest.test2() throws java.lang.Exception]]>
              </value>
            </param>
          </params>
        </test-method> <!-- springTestContextAfterTestMethod -->
        <test-method status="PASS" signature="springTestContextBeforeTestMethod(java.lang.reflect.Method)[pri:0, instance:com.test.email.SpringMailIntegrationTest@3bd40a57]" name="springTestContextBeforeTestMethod" is-config="true" duration-ms="0" started-at="2018-06-26T16:43:05Z" finished-at="2018-06-26T16:43:05Z">
          <params>
            <param index="0">
              <value>
                <![CDATA[public void com.test.email.SpringMailIntegrationTest.test3() throws java.lang.Exception]]>
              </value>
            </param>
          </params>
        </test-method> <!-- springTestContextBeforeTestMethod -->
        <test-method status="PASS" signature="afterClass()[pri:0, instance:com.test.email.SpringMailIntegrationTest@3bd40a57]" name="afterClass" is-config="true" duration-ms="2" started-at="2018-06-26T16:43:05Z" finished-at="2018-06-26T16:43:05Z">
        </test-method> <!-- afterClass -->
        <test-method status="PASS" signature="springTestContextAfterTestMethod(java.lang.reflect.Method)[pri:0, instance:com.test.email.SpringMailIntegrationTest@3bd40a57]" name="springTestContextAfterTestMethod" is-config="true" duration-ms="0" started-at="2018-06-26T16:43:05Z" finished-at="2018-06-26T16:43:05Z">
          <params>
            <param index="0">
              <value>
                <![CDATA[public void com.test.email.SpringMailIntegrationTest.test3() throws java.lang.Exception]]>
              </value>
            </param>
          </params>
        </test-method> <!-- springTestContextAfterTestMethod -->
        <test-method status="PASS" signature="springTestContextAfterTestClass()[pri:0, instance:com.test.email.SpringMailIntegrationTest@3bd40a57]" name="springTestContextAfterTestClass" is-config="true" duration-ms="0" started-at="2018-06-26T16:43:05Z" finished-at="2018-06-26T16:43:05Z">
        </test-method> <!-- springTestContextAfterTestClass -->
      </class> <!-- com.test.email.SpringMailIntegrationTest -->
    </test> <!-- Default test -->
  </suite> <!-- Default suite -->
</testng-results>
